<?xml version="1.0" encoding="UTF-8"?>
<!-- Generated by org.testng.reporters.JUnitReportReporter -->
<testsuite hostname="GOL014218" failures="0" tests="2" name="API.Automation.FirstScript" time="6.467" errors="0" timestamp="2022-03-09T13:01:19 IST" skipped="0">
  <testcase classname="API.Automation.FirstScript" name="Statuscheck200" time="5.696"/>
  <system-out/>
  <testcase classname="API.Automation.FirstScript" name="statuscheck404" time="0.771"/>
  <system-out/>
</testsuite> <!-- API.Automation.FirstScript -->
